<?xml version="1.0" encoding="UTF-8"?>
<testsuite xmlns:xsi="http://www.w3.org/2001/XMLSchema-instance" xsi:noNamespaceSchemaLocation="https://maven.apache.org/surefire/maven-surefire-plugin/xsd/surefire-test-report.xsd" name="rich.zrc.TestHelloMaven" time="0.11" tests="2" errors="0" skipped="0" failures="0">
  <properties>
[...]
</properties>
  <testcase name="testAdd" classname="rich.zrc.TestHelloMaven" time="0.01"/>
  <testcase name="testAdd2" classname="rich.zrc.TestHelloMaven" time="0"/>
</testsuite>